  ip_1.cpp
C:\opencv4.6.0\opencv\build\include\opencv2\core.hpp(1746,1): warning C4819: 현재 코드 페이지(949)에서 표시할 수 없는 문자가 파일에 들어 있습니다. 데이터가 손실되지 않게 하려면 해당 파일을 유니코드 형식으로 저장하십시오.
  (소스 파일 'ip_1.cpp'을(를) 컴파일하는 중)
  
C:\opencv4.6.0\opencv\build\include\opencv2\core.hpp(1746,1): warning C4819: 현재 코드 페이지(949)에서 표시할 수 없는 문자가 파일에 들어 있습니다. 데이터가 손실되지 않게 하려면 해당 파일을 유니코드 형식으로 저장하십시오.
  (소스 파일 'ip_1.cpp'을(를) 컴파일하는 중)
  
C:\opencv4.6.0\opencv\build\include\opencv2\core.hpp(1746,1): warning C4819: 현재 코드 페이지(949)에서 표시할 수 없는 문자가 파일에 들어 있습니다. 데이터가 손실되지 않게 하려면 해당 파일을 유니코드 형식으로 저장하십시오.
  (소스 파일 'ip_1.cpp'을(를) 컴파일하는 중)
  
C:\Users\sunny\source\repos\지능형 영상처리 2024\1주차\ip_1.cpp(205,34): warning C4244: '=': 'int'에서 '_Tp'(으)로 변환하면서 데이터가 손실될 수 있습니다.
C:\Users\sunny\source\repos\지능형 영상처리 2024\1주차\ip_1.cpp(205,34): warning C4244:         with
C:\Users\sunny\source\repos\지능형 영상처리 2024\1주차\ip_1.cpp(205,34): warning C4244:         [
C:\Users\sunny\source\repos\지능형 영상처리 2024\1주차\ip_1.cpp(205,34): warning C4244:             _Tp=float
C:\Users\sunny\source\repos\지능형 영상처리 2024\1주차\ip_1.cpp(205,34): warning C4244:         ]
C:\Users\sunny\source\repos\지능형 영상처리 2024\1주차\ip_1.cpp(485,14): warning C4305: '초기화 중': 'double'에서 'float'(으)로 잘립니다.
C:\Users\sunny\source\repos\지능형 영상처리 2024\1주차\ip_1.cpp(487,15): warning C4305: '=': 'double'에서 'float'(으)로 잘립니다.
C:\Users\sunny\source\repos\지능형 영상처리 2024\1주차\ip_1.cpp(487,43): warning C4305: '+=': 'double'에서 'float'(으)로 잘립니다.
C:\Users\sunny\source\repos\지능형 영상처리 2024\1주차\ip_1.cpp(488,16): warning C4244: '인수': 'float'에서 'int'(으)로 변환하면서 데이터가 손실될 수 있습니다.
C:\Users\sunny\source\repos\지능형 영상처리 2024\1주차\ip_1.cpp(506,45): warning C4244: '=': 'double'에서 'int'(으)로 변환하면서 데이터가 손실될 수 있습니다.
C:\Users\sunny\source\repos\지능형 영상처리 2024\1주차\ip_1.cpp(527,48): warning C4244: '=': 'double'에서 'int'(으)로 변환하면서 데이터가 손실될 수 있습니다.
C:\Users\sunny\source\repos\지능형 영상처리 2024\1주차\ip_1.cpp(531,68): warning C4244: '=': 'double'에서 'int'(으)로 변환하면서 데이터가 손실될 수 있습니다.
C:\Users\sunny\source\repos\지능형 영상처리 2024\1주차\ip_1.cpp(534,74): warning C4244: '=': 'double'에서 'int'(으)로 변환하면서 데이터가 손실될 수 있습니다.
C:\Users\sunny\source\repos\지능형 영상처리 2024\1주차\ip_1.cpp(556,60): warning C4244: '=': 'double'에서 'int'(으)로 변환하면서 데이터가 손실될 수 있습니다.
C:\Users\sunny\source\repos\지능형 영상처리 2024\1주차\ip_1.cpp(560,104): warning C4244: '=': 'double'에서 'int'(으)로 변환하면서 데이터가 손실될 수 있습니다.
C:\Users\sunny\source\repos\지능형 영상처리 2024\1주차\ip_1.cpp(563,98): warning C4244: '=': 'double'에서 'int'(으)로 변환하면서 데이터가 손실될 수 있습니다.
C:\Users\sunny\source\repos\지능형 영상처리 2024\1주차\ip_1.cpp(582,72): warning C4244: '=': 'double'에서 'int'(으)로 변환하면서 데이터가 손실될 수 있습니다.
C:\Users\sunny\source\repos\지능형 영상처리 2024\1주차\ip_1.cpp(586,116): warning C4244: '=': 'double'에서 'int'(으)로 변환하면서 데이터가 손실될 수 있습니다.
C:\Users\sunny\source\repos\지능형 영상처리 2024\1주차\ip_1.cpp(589,110): warning C4244: '=': 'double'에서 'int'(으)로 변환하면서 데이터가 손실될 수 있습니다.
C:\Users\sunny\source\repos\지능형 영상처리 2024\1주차\ip_1.cpp(632,8): warning C4244: '초기화 중': 'float'에서 'int'(으)로 변환하면서 데이터가 손실될 수 있습니다.
C:\Users\sunny\source\repos\지능형 영상처리 2024\1주차\ip_1.cpp(633,8): warning C4244: '=': 'double'에서 'int'(으)로 변환하면서 데이터가 손실될 수 있습니다.
C:\Users\sunny\source\repos\지능형 영상처리 2024\1주차\ip_1.cpp(709,60): warning C4244: '=': 'double'에서 'int'(으)로 변환하면서 데이터가 손실될 수 있습니다.
C:\Users\sunny\source\repos\지능형 영상처리 2024\1주차\ip_1.cpp(736,6): warning C4326: 'main'의 반환 형식이 'int'이어야 하는데 'void'입니다.
  1주차.vcxproj -> C:\Users\sunny\source\repos\지능형 영상처리 2024\1주차\x64\Debug\1주차.exe
